[debug] [2025-07-05T15:40:40.693Z] : 
[debug] [2025-07-05T15:40:40.696Z] : ----------------------------------------------------------------------
[debug] [2025-07-05T15:40:40.697Z] : Command:      C:\Program Files\nodejs\node.exe C:\Users\Admin\AppData\Roaming\npm\node_modules\zcatalyst-cli\lib\bin\catalyst.js serve
[debug] [2025-07-05T15:40:40.697Z] : CLI Version:  1.19.0
[debug] [2025-07-05T15:40:40.698Z] : Platform:     win32
[debug] [2025-07-05T15:40:40.698Z] : Node Version: v22.15.0
[debug] [2025-07-05T15:40:40.698Z] : Time:         Sat Jul 05 2025 21:10:40 GMT+0530 (India Standard Time)
[debug] [2025-07-05T15:40:40.698Z] : ----------------------------------------------------------------------
[debug] [2025-07-05T15:40:40.698Z] : 
[debug] [2025-07-05T15:40:41.425Z] : > authorizing via signed-in user option
[debug] [2025-07-05T15:40:41.425Z] : > command requires scopes: ["ZohoCatalyst.projects.ALL","ZohoCatalyst.apigateway.apis.READ","ZohoCatalyst.apigateway.READ","ZohoCatalyst.segments.ALL","ZohoCatalyst.cache.READ","ZohoCatalyst.cache.CREATE","ZohoCatalyst.cache.DELETE","ZohoCatalyst.projects.ALL","ZohoCatalyst.cron.ALL","ZohoCatalyst.zcql.CREATE","ZohoCatalyst.projects.users.READ","ZohoCatalyst.projects.users.CREATE","ZohoCatalyst.projects.users.DELETE","ZohoCatalyst.projects.users.UPDATE","ZohoCatalyst.authentication.CREATE","ZohoCatalyst.email.CREATE","ZohoCatalyst.tables.ALL","ZohoCatalyst.tables.rows.ALL","ZohoCatalyst.tables.columns.ALL","ZohoCatalyst.tables.bulk.CREATE","ZohoCatalyst.tables.bulk.READ","ZohoCatalyst.folders.ALL","ZohoCatalyst.files.CREATE","ZohoCatalyst.files.READ","ZohoCatalyst.files.DELETE","ZohoCatalyst.functions.ALL","ZohoCatalyst.functions.EXECUTE","ZohoCatalyst.eventlistners.ALL","ZohoCatalyst.eventlisteners.produce","ZohoCatalyst.security.rules.Read","ZohoCatalyst.security.rules.Update","ZohoCatalyst.notifications.mobile","ZohoCatalyst.notifications.web","ZohoCatalyst.search.READ","ZohoCatalyst.mlkit.READ","QuickML.deployment.READ","ZohoCatalyst.pdfshot.execute","ZohoCatalyst.circuits.execution.DELETE","ZohoCatalyst.circuits.execution.READ","ZohoCatalyst.circuits.execute","ZohoCatalyst.appsail.Read","ZohoCatalyst.jobpool.READ","ZohoCatalyst.job.ALL","ZohoCatalyst.nosql.READ","ZohoCatalyst.nosql.rows.ALL"]
[debug] [2025-07-05T15:40:41.451Z] : >>>> HTTP REQUEST : GET https://api.catalyst.zoho.in/baas/v1/project/18571000000010399 

[debug] [2025-07-05T15:40:42.181Z] : <<<< HTTP RESPONSE : 200
Response Headers: {"server":"ZGS","date":"Sat, 05 Jul 2025 15:40:42 GMT","content-type":"application/vnd.catalyst.v2+json","transfer-encoding":"chunked","connection":"keep-alive","x-content-type-options":"nosniff","cache-control":"private,no-cache,no-store,max-age=0,must-revalidate","pragma":"no-cache","expires":"Thu, 01 Jan 1970 00:00:00 GMT","x-frame-options":"DENY","strict-transport-security":"max-age=64072000; includeSubDomains; preload"}

[debug] [2025-07-05T15:40:42.186Z] : >>>> HTTP REQUEST : GET https://api.catalyst.zoho.in/baas/v1/project/18571000000010399/environment 

[debug] [2025-07-05T15:40:42.375Z] : <<<< HTTP RESPONSE : 200
Response Headers: {"server":"ZGS","date":"Sat, 05 Jul 2025 15:40:42 GMT","content-type":"application/vnd.catalyst.v2+json","transfer-encoding":"chunked","connection":"keep-alive","x-content-type-options":"nosniff","cache-control":"private,no-cache,no-store,max-age=0,must-revalidate","pragma":"no-cache","expires":"Thu, 01 Jan 1970 00:00:00 GMT","x-frame-options":"DENY","strict-transport-security":"max-age=64072000; includeSubDomains; preload"}

[debug] [2025-07-05T15:40:42.891Z] : >>>> HTTP REQUEST : GET https://api.catalyst.zoho.in/baas/v1/project/18571000000010399/function 
Query params: {"type":"basicio,event,cron,applogic,integration,browser_logic,job"}

[debug] [2025-07-05T15:40:43.297Z] : <<<< HTTP RESPONSE : 200
Response Headers: {"server":"ZGS","date":"Sat, 05 Jul 2025 15:40:43 GMT","content-type":"application/vnd.catalyst.v2+json","transfer-encoding":"chunked","connection":"keep-alive","x-content-type-options":"nosniff","cache-control":"private,no-cache,no-store,max-age=0,must-revalidate","pragma":"no-cache","expires":"Thu, 01 Jan 1970 00:00:00 GMT","x-frame-options":"DENY","strict-transport-security":"max-age=64072000; includeSubDomains; preload"}

[debug] [2025-07-05T15:40:43.307Z] : unknown eol undefined hence skipping check
[info] [2025-07-05T15:40:49.629Z] : [react-plugin]: Starting the development server...

[info] [2025-07-05T15:40:49.633Z] : 
[info] [2025-07-05T15:40:49.633Z] : i Client[task-manager-app]: Plugin : "zcatalyst-cli-plugin-react" is used for client serve
[info] [2025-07-05T15:40:49.633Z] : 
[info] [2025-07-05T15:40:52.108Z] : 
[info] [2025-07-05T15:40:52.108Z] :  >>>>>>>>>>>>> AdvancedIO <<<<<<<<<<<< 
[info] [2025-07-05T15:40:52.109Z] : i taskapi: http://localhost:3000/server/taskapi/
[info] [2025-07-05T15:40:52.110Z] : 
[info] [2025-07-05T15:40:52.110Z] : 
[info] [2025-07-05T15:40:52.111Z] :  >>>>>>>>>>>>> Web Client <<<<<<<<<<<<
[info] [2025-07-05T15:40:52.111Z] : i client[task-manager-app]: http://localhost:3000/app/
[info] [2025-07-05T15:40:52.112Z] : 
[info] [2025-07-05T15:41:04.578Z] : [react-plugin]: Compiled successfully!
[info] [2025-07-05T15:41:04.578Z] : [react-plugin]: 
[info] [2025-07-05T15:41:04.578Z] : [react-plugin]: You can now view task-manager-app in the browser.
[info] [2025-07-05T15:41:04.579Z] : [react-plugin]: 
[info] [2025-07-05T15:41:04.579Z] : [react-plugin]:   Local:            http://localhost:3000/app/
[info] [2025-07-05T15:41:04.579Z] : [react-plugin]:   On Your Network:  http://192.168.194.242:3000/app/
[info] [2025-07-05T15:41:04.579Z] : [react-plugin]: 
[info] [2025-07-05T15:41:04.580Z] : [react-plugin]: Note that the development build is not optimized.
[info] [2025-07-05T15:41:04.580Z] : [react-plugin]: To create a production build, use npm run build.
[info] [2025-07-05T15:41:04.580Z] : [react-plugin]: 
[info] [2025-07-05T15:42:40.005Z] : Shutting down server
[info] [2025-07-05T15:42:40.126Z] : 
[info] [2025-07-05T15:42:40.127Z] : √ Shutdown complete
[debug] [2025-07-05T15:42:40.128Z] : NO ERRORS REGISTERED
[debug] [2025-07-05T15:42:40.129Z] : EXEC ENDED with event: serve, message: success
[debug] [2025-07-05T15:42:40.129Z] : TOTAL DURATION OF COMMAND EXEC : 118725
[debug] [2025-07-05T15:42:40.163Z] : >>>> HTTP REQUEST : POST https://api.catalyst.zoho.in/baas/v1/cli/logs 
<request body omitted>

[debug] [2025-07-05T15:43:26.631Z] : <<<< HTTP RESPONSE : 400
Response Headers: {"server":"ZGS","date":"Sat, 05 Jul 2025 15:43:26 GMT","content-type":"application/json;charset=ISO-8859-1","content-length":"148","connection":"keep-alive","x-content-type-options":"nosniff","x-frame-options":"DENY","strict-transport-security":"max-age=64072000; includeSubDomains; preload"}

[debug] [2025-07-05T15:43:26.633Z] : Response Body : {"status":"failure","data":{"error_code":"INPUT_SIZE_MORE_THAN_ALLOWED","message":"Please check if the size of the input is in the correct range"}}

[debug] [2025-07-05T15:43:26.642Z] : Unable to send debug log to server: HTTP Error: 400, Please check if the size of the input is in the correct range
[debug] [2025-07-05T15:44:02.950Z] : 
[debug] [2025-07-05T15:44:02.953Z] : ----------------------------------------------------------------------
[debug] [2025-07-05T15:44:02.953Z] : Command:      C:\Program Files\nodejs\node.exe C:\Users\Admin\AppData\Roaming\npm\node_modules\zcatalyst-cli\lib\bin\catalyst.js deploy
[debug] [2025-07-05T15:44:02.954Z] : CLI Version:  1.19.0
[debug] [2025-07-05T15:44:02.954Z] : Platform:     win32
[debug] [2025-07-05T15:44:02.955Z] : Node Version: v22.15.0
[debug] [2025-07-05T15:44:02.955Z] : Time:         Sat Jul 05 2025 21:14:02 GMT+0530 (India Standard Time)
[debug] [2025-07-05T15:44:02.955Z] : ----------------------------------------------------------------------
[debug] [2025-07-05T15:44:02.955Z] : 
[debug] [2025-07-05T15:44:03.649Z] : > authorizing via signed-in user option
[debug] [2025-07-05T15:44:03.650Z] : > command requires scopes: ["ZohoCatalyst.projects.ALL","ZohoCatalyst.functions.ALL","ZohoCatalyst.webapp.ALL","ZohoCatalyst.appsail.Update"]
[debug] [2025-07-05T15:44:03.672Z] : >>>> HTTP REQUEST : GET https://api.catalyst.zoho.in/baas/v1/project/18571000000010399 

[debug] [2025-07-05T15:44:04.617Z] : <<<< HTTP RESPONSE : 200
Response Headers: {"server":"ZGS","date":"Sat, 05 Jul 2025 15:44:04 GMT","content-type":"application/vnd.catalyst.v2+json","transfer-encoding":"chunked","connection":"keep-alive","x-content-type-options":"nosniff","cache-control":"private,no-cache,no-store,max-age=0,must-revalidate","pragma":"no-cache","expires":"Thu, 01 Jan 1970 00:00:00 GMT","x-frame-options":"DENY","strict-transport-security":"max-age=64072000; includeSubDomains; preload"}

[debug] [2025-07-05T15:44:04.622Z] : >>>> HTTP REQUEST : GET https://api.catalyst.zoho.in/baas/v1/project/18571000000010399/environment 

[debug] [2025-07-05T15:44:04.818Z] : <<<< HTTP RESPONSE : 200
Response Headers: {"server":"ZGS","date":"Sat, 05 Jul 2025 15:44:04 GMT","content-type":"application/vnd.catalyst.v2+json","transfer-encoding":"chunked","connection":"keep-alive","x-content-type-options":"nosniff","cache-control":"private,no-cache,no-store,max-age=0,must-revalidate","pragma":"no-cache","expires":"Thu, 01 Jan 1970 00:00:00 GMT","x-frame-options":"DENY","strict-transport-security":"max-age=64072000; includeSubDomains; preload"}

[debug] [2025-07-05T15:44:04.849Z] : >>>> HTTP REQUEST : GET https://api.catalyst.zoho.in/baas/v1/project/18571000000010399/function 
Query params: {"type":"basicio,event,cron,applogic,integration,browser_logic,job"}

[debug] [2025-07-05T15:44:05.023Z] : <<<< HTTP RESPONSE : 200
Response Headers: {"server":"ZGS","date":"Sat, 05 Jul 2025 15:44:05 GMT","content-type":"application/vnd.catalyst.v2+json","transfer-encoding":"chunked","connection":"keep-alive","x-content-type-options":"nosniff","cache-control":"private,no-cache,no-store,max-age=0,must-revalidate","pragma":"no-cache","expires":"Thu, 01 Jan 1970 00:00:00 GMT","x-frame-options":"DENY","strict-transport-security":"max-age=64072000; includeSubDomains; preload"}

[debug] [2025-07-05T15:44:05.026Z] : unknown eol undefined hence skipping check
[debug] [2025-07-05T15:44:06.036Z] : >>>> HTTP REQUEST : PUT https://api.catalyst.zoho.in/baas/v1/project/18571000000010399/server/upsert 

[debug] [2025-07-05T15:47:29.419Z] : <<<< HTTP RESPONSE : 200
Response Headers: {"server":"ZGS","date":"Sat, 05 Jul 2025 15:47:29 GMT","content-type":"application/vnd.catalyst.v2+json","transfer-encoding":"chunked","connection":"keep-alive","x-content-type-options":"nosniff","cache-control":"private,no-cache,no-store,max-age=0,must-revalidate","pragma":"no-cache","expires":"Thu, 01 Jan 1970 00:00:00 GMT","x-frame-options":"DENY","strict-transport-security":"max-age=64072000; includeSubDomains; preload"}

[info] [2025-07-05T15:47:29.638Z] : i Plugin : "zcatalyst-cli-plugin-react" is used for client deploy
[info] [2025-07-05T15:47:29.638Z] : i Building Application...
[info] [2025-07-05T15:47:33.110Z] : [react-plugin]: Creating an optimized production build...
[info] [2025-07-05T15:47:50.295Z] : [react-plugin]: Compiled successfully.

[info] [2025-07-05T15:47:50.295Z] : [react-plugin]: File sizes after gzip:

[info] [2025-07-05T15:47:50.331Z] : [react-plugin]:   92.09 kB  build\static\js\main.f9961d7d.js
[info] [2025-07-05T15:47:50.331Z] : [react-plugin]:   46.34 kB  build\static\css\main.ef652c32.css
[info] [2025-07-05T15:47:50.332Z] : [react-plugin]:   1.67 kB   build\static\js\453.67b54427.chunk.js
[info] [2025-07-05T15:47:50.332Z] : [react-plugin]:  
[debug] [2025-07-05T15:47:50.842Z] : >>>> HTTP REQUEST : POST https://api.catalyst.zoho.in/baas/v1/project/18571000000010399/webapp 

[debug] [2025-07-05T15:48:52.365Z] : <<<< HTTP RESPONSE : 200
Response Headers: {"server":"ZGS","date":"Sat, 05 Jul 2025 15:48:52 GMT","content-type":"application/vnd.catalyst.v2+json","transfer-encoding":"chunked","connection":"keep-alive","x-content-type-options":"nosniff","cache-control":"private,no-cache,no-store,max-age=0,must-revalidate","pragma":"no-cache","expires":"Thu, 01 Jan 1970 00:00:00 GMT","x-frame-options":"DENY","strict-transport-security":"max-age=64072000; includeSubDomains; preload"}

[info] [2025-07-05T15:48:52.370Z] : 
[info] [2025-07-05T15:48:52.371Z] : i functions(taskapi): URL => https://task-manager-app-60043319872.development.catalystserverless.in/server/taskapi/
[info] [2025-07-05T15:48:52.372Z] : √ functions(taskapi): deploy successful
[info] [2025-07-05T15:48:52.372Z] : 
[info] [2025-07-05T15:48:52.372Z] : √ client: deploy successful
[info] [2025-07-05T15:48:52.373Z] : i client: URL => https://task-manager-app-60043319872.development.catalystserverless.in/app/index.html
[info] [2025-07-05T15:48:52.374Z] : 
[info] [2025-07-05T15:48:52.374Z] : √ Catalyst deploy complete!
[debug] [2025-07-05T15:48:52.375Z] : NO ERRORS REGISTERED
[debug] [2025-07-05T15:48:52.375Z] : EXEC ENDED with event: deploy, message: success
[debug] [2025-07-05T15:48:52.376Z] : TOTAL DURATION OF COMMAND EXEC : 288744
[debug] [2025-07-05T15:48:52.411Z] : >>>> HTTP REQUEST : POST https://api.catalyst.zoho.in/baas/v1/cli/logs 
<request body omitted>

[debug] [2025-07-05T15:49:32.915Z] : <<<< HTTP RESPONSE : 400
Response Headers: {"server":"ZGS","date":"Sat, 05 Jul 2025 15:49:33 GMT","content-type":"application/json;charset=ISO-8859-1","content-length":"148","connection":"keep-alive","x-content-type-options":"nosniff","x-frame-options":"DENY","strict-transport-security":"max-age=64072000; includeSubDomains; preload"}

[debug] [2025-07-05T15:49:32.916Z] : Response Body : {"status":"failure","data":{"error_code":"INPUT_SIZE_MORE_THAN_ALLOWED","message":"Please check if the size of the input is in the correct range"}}

[debug] [2025-07-05T15:49:32.918Z] : Unable to send debug log to server: HTTP Error: 400, Please check if the size of the input is in the correct range
